<?xml version="1.0" encoding="utf-8"?>
<shfbBuild product="Sandcastle Help File Builder and Tools" version="2024.12.21.0" projectFile="C:\Users\ghany\OneDrive\Documents\Documentation_MediatekDocumentApp.shfbproj" started="17/03/2025 13:38:58">
<buildStep step="Initializing">
The Sandcastle tools are located in &#39;C:\Program Files (x86)\EWSoftware\Sandcastle Help File Builder&#39;
Locating components in the following folder(s):
    C:\Users\ghany\OneDrive\Documents
    C:\ProgramData\EWSoftware\Sandcastle Help File Builder\Components and Plug-Ins
    C:\Program Files (x86)\EWSoftware\Sandcastle Help File Builder\Components
Using framework reflection data for &#39;.NET Framework 4.7.2&#39; located in &#39;C:\Program Files (x86)\EWSoftware\Sandcastle Help File Builder\Data\.NETFramework&#39;
Using presentation style &#39;Default2022&#39; located in &#39;C:\Program Files (x86)\EWSoftware\Sandcastle Help File Builder\Components\Default2022&#39;
Loading and initializing plug-ins...
Website Table of Contents Generator Version 2024.12.21.0
Copyright &#169; 2006-2024, Eric Woodruff, All Rights Reserved
</buildStep>
<buildStep step="ClearWorkFolder">
Clearing working folder...
    Not all prior output was removed from &#39;C:\Users\ghany\OneDrive\Documents\Help\Working\&#39;: L&#39;acc&#232;s au chemin d&#39;acc&#232;s &#39;C:\Users\ghany\OneDrive\Documents\Help\Working\obj\Debug&#39; est refus&#233;.
-------------------------------
Clearing any prior web/markdown output...
    Ignoring read-only/hidden folder C:\Users\ghany\OneDrive\Documents\Help\css
    Ignoring read-only/hidden folder C:\Users\ghany\OneDrive\Documents\Help\fti
    Ignoring read-only/hidden folder C:\Users\ghany\OneDrive\Documents\Help\html
    Ignoring read-only/hidden folder C:\Users\ghany\OneDrive\Documents\Help\icons
    Ignoring read-only/hidden folder C:\Users\ghany\OneDrive\Documents\Help\scripts
    Ignoring read-only/hidden folder C:\Users\ghany\OneDrive\Documents\Help\toc
    Ignoring read-only/hidden folder C:\Users\ghany\OneDrive\Documents\Help\webfonts
</buildStep>
<buildStep step="ValidatingDocumentationSources">
Validating and copying documentation source information
Source: C:\Users\ghany\source\repos\MediaTekDocuments\MediaTekDocuments\bin\Debug\MediaTekDocuments.xml
Source: C:\Users\ghany\source\repos\MediaTekDocuments\MediaTekDocuments\bin\Debug\MediaTekDocuments.exe
    Found assembly &#39;C:\Users\ghany\source\repos\MediaTekDocuments\MediaTekDocuments\bin\Debug\MediaTekDocuments.exe&#39;

Copying XML comments files
    C:\Users\ghany\source\repos\MediaTekDocuments\MediaTekDocuments\bin\Debug\MediaTekDocuments.xml -&gt; C:\Users\ghany\OneDrive\Documents\Help\Working\MediaTekDocuments.xml
</buildStep>
<buildStep step="GenerateSharedContent">
Generating shared content files (en-US, Anglais (&#201;tats-Unis))...
    Last step completed in 00:00:00,0045
</buildStep>
<buildStep step="GenerateApiFilter">
Generating API filter for MRefBuilder...
    Last step completed in 00:00:00,0116
</buildStep>
<buildStep step="GenerateReflectionInfo">
Generating reflection information...
[C:\Program Files (x86)\Microsoft Visual Studio\2019\Enterprise\MSBuild\Current\Bin\MSBuild.exe - GenerateRefInfo-659d37f7-9817-4f4e-96a6-d79c3a9d7693.proj]
La g‚n‚ration a d‚marr‚ 17/03/2025 13:38:59.
Projet &quot;C:\Users\ghany\OneDrive\Documents\Help\Working\GenerateRefInfo-659d37f7-9817-4f4e-96a6-d79c3a9d7693.proj&quot; sur le noud 1 (cibles par d‚faut).
GenerateBindingRedirects:
  Aucune redirection de liaison sugg‚r‚e … partir de ResolveAssemblyReferences.
GenerateRefInfo:
  Microsoft.Build (v16.11.2+f3225964253d565862806752e54a7608191a9035)
  &#184; Microsoft Corporation. All rights reserved.
  No source code context base path specified.  Source context information is unavailable.
  Loaded 1 assemblies for reflection and 1 dependency assemblies.
  Using framework redirect &#39;System, Version=4.0.0.0, Culture=neutral, PublicKeyToken=b77a5c561934e089&#39; in place of &#39;System, Version=4.0.0.0, Culture=neutral, PublicKeyToken=b77a5c561934e089&#39;
  Using framework redirect &#39;System.Windows.Forms, Version=4.0.0.0, Culture=neutral, PublicKeyToken=b77a5c561934e089&#39; in place of &#39;System.Windows.Forms, Version=4.0.0.0, Culture=neutral, PublicKeyToken=b77a5c561934e089&#39;
  Using framework redirect &#39;System.Net.Http, Version=4.2.0.0, Culture=neutral, PublicKeyToken=b03f5f7f11d50a3a&#39; in place of &#39;System.Net.Http, Version=4.2.0.0, Culture=neutral, PublicKeyToken=b03f5f7f11d50a3a&#39;
  Using framework redirect &#39;System.Drawing, Version=4.0.0.0, Culture=neutral, PublicKeyToken=b03f5f7f11d50a3a&#39; in place of &#39;System.Drawing, Version=4.0.0.0, Culture=neutral, PublicKeyToken=b03f5f7f11d50a3a&#39;
  Using framework redirect &#39;Accessibility, Version=4.0.0.0, Culture=neutral, PublicKeyToken=b03f5f7f11d50a3a&#39; in place of &#39;Accessibility, Version=4.0.0.0, Culture=neutral, PublicKeyToken=b03f5f7f11d50a3a&#39;
  Wrote information on 3 namespaces, 21 types, and 98 members
  Merging duplicate type and member information
  Merged 0 duplicate type(s) and 0 duplicate member(s)
G‚n‚ration du projet &quot;C:\Users\ghany\OneDrive\Documents\Help\Working\GenerateRefInfo-659d37f7-9817-4f4e-96a6-d79c3a9d7693.proj&quot; termin‚e (cibles par d‚faut).
    Last step completed in 00:00:00,9656
</buildStep>
<buildStep step="ApplyDocumentModel">
Applying document model to reflection output...
    Last step completed in 00:00:00,2064
</buildStep>
<buildStep step="AddApiTopicFilenames">
Adding topic filenames to API members...
    Last step completed in 00:00:00,1921
</buildStep>
<buildStep step="GenerateApiTopicManifest">
Generating API topic manifest...
    Last step completed in 00:00:00,1901
</buildStep>
<buildStep step="GenerateNamespaceSummaries">
Generating namespace summary information...
    Last step completed in 00:00:00,0621
</buildStep>
<buildStep step="CopyAdditionalContent">
Copying additional content files...
No additional content to copy
    Last step completed in 00:00:00,0000
</buildStep>
<buildStep step="MergeTablesOfContents">
Merging conceptual and additional tables of contents...
    Last step completed in 00:00:00,0000
</buildStep>
<buildStep step="GenerateIntermediateTableOfContents">
Generating intermediate table of contents file for API content...
Generating conceptual content intermediate TOC file...
    Last step completed in 00:00:00,0856
</buildStep>
<buildStep step="CreateBuildAssemblerConfigs">
Creating Sandcastle configuration files...
    Last step completed in 00:00:00,1514
</buildStep>
<buildStep step="CombiningIntermediateTocFiles">
Combining conceptual and API intermediate TOC files...
    Last step completed in 00:00:00,0467
</buildStep>
<buildStep step="MergeCustomConfigs">
Merging custom build component configurations
C:\Users\ghany\OneDrive\Documents\Help\Working\BuildAssembler.config
  Updating reference topic configurations.
  No conceptual content.  Removing conceptual content components.
    Last step completed in 00:00:00,0568
</buildStep>
<buildStep step="BuildTopics">
Building help topics...
<plugIn name="Website Table of Contents Generator" behavior="Before" priority="1000">
Loading TOC info and adding unique IDs to parent nodes
</plugIn>Loading configuration...
Processing topics...
SHFB: Warning BE0066: ShowMissingComponent: [M:MediaTekDocuments.dal.Access.CreerCommandeAbonnement(MediaTekDocuments.model.Abonnement)] Missing &lt;returns&gt; documentation
SHFB: Warning BE0066: ShowMissingComponent: [M:MediaTekDocuments.dal.Access.CreerCommandeAbonnement(MediaTekDocuments.model.Abonnement)] Missing &lt;param name=&quot;insertAbonnementCommande&quot;/&gt; documentation
SHFB: Warning BE0066: ShowMissingComponent: [M:MediaTekDocuments.dal.Access.CreerCommandeDocument(MediaTekDocuments.model.CommandeDocument)] Missing &lt;returns&gt; documentation
SHFB: Warning BE0066: ShowMissingComponent: [M:MediaTekDocuments.dal.Access.CreerCommandeDocument(MediaTekDocuments.model.CommandeDocument)] Missing &lt;param name=&quot;insertCommande&quot;/&gt; documentation
SHFB: Warning BE0066: ShowMissingComponent: [M:MediaTekDocuments.dal.Access.GetAllEtats] Missing &lt;returns&gt; documentation
SHFB: Warning BE0066: ShowMissingComponent: [M:MediaTekDocuments.dal.Access.GetCommandesAbonnement(System.String)] Missing &lt;returns&gt; documentation
SHFB: Warning BE0066: ShowMissingComponent: [M:MediaTekDocuments.dal.Access.GetCommandesAbonnement(System.String)] Missing &lt;param name=&quot;idRevue&quot;/&gt; documentation
SHFB: Warning BE0066: ShowMissingComponent: [M:MediaTekDocuments.dal.Access.GetCommandesLivres(System.String)] Missing &lt;returns&gt; documentation
SHFB: Warning BE0066: ShowMissingComponent: [M:MediaTekDocuments.dal.Access.GetCommandesLivres(System.String)] Missing &lt;param name=&quot;idLivre&quot;/&gt; documentation
SHFB: Warning BE0066: ShowMissingComponent: [M:MediaTekDocuments.dal.Access.GetListeFinAbonnement(System.String)] Missing &lt;returns&gt; documentation
SHFB: Warning BE0066: ShowMissingComponent: [M:MediaTekDocuments.dal.Access.GetListeFinAbonnement(System.String)] Missing &lt;param name=&quot;idAbonnement&quot;/&gt; documentation
SHFB: Warning BE0066: ShowMissingComponent: [M:MediaTekDocuments.dal.Access.GetUserInfo(MediaTekDocuments.model.Utilisateur)] Missing &lt;returns&gt; documentation
SHFB: Warning BE0066: ShowMissingComponent: [M:MediaTekDocuments.dal.Access.GetUserInfo(MediaTekDocuments.model.Utilisateur)] Missing &lt;param name=&quot;utilisateur&quot;/&gt; documentation
SHFB: Warning BE0066: ShowMissingComponent: [M:MediaTekDocuments.dal.Access.ModifierCommandeAbonnement(MediaTekDocuments.model.Abonnement)] Missing &lt;returns&gt; documentation
SHFB: Warning BE0066: ShowMissingComponent: [M:MediaTekDocuments.dal.Access.ModifierCommandeAbonnement(MediaTekDocuments.model.Abonnement)] Missing &lt;param name=&quot;updateCommande&quot;/&gt; documentation
SHFB: Warning BE0066: ShowMissingComponent: [M:MediaTekDocuments.dal.Access.ModifierCommandeDocument(MediaTekDocuments.model.CommandeDocument)] Missing &lt;returns&gt; documentation
SHFB: Warning BE0066: ShowMissingComponent: [M:MediaTekDocuments.dal.Access.ModifierCommandeDocument(MediaTekDocuments.model.CommandeDocument)] Missing &lt;param name=&quot;updateCommande&quot;/&gt; documentation
SHFB: Warning BE0066: ShowMissingComponent: [M:MediaTekDocuments.dal.Access.SupprimerCommandeAbonnement(MediaTekDocuments.model.Abonnement)] Missing &lt;returns&gt; documentation
SHFB: Warning BE0066: ShowMissingComponent: [M:MediaTekDocuments.dal.Access.SupprimerCommandeAbonnement(MediaTekDocuments.model.Abonnement)] Missing &lt;param name=&quot;deleteAbonnementCommande&quot;/&gt; documentation
SHFB: Warning BE0066: ShowMissingComponent: [M:MediaTekDocuments.dal.Access.SupprimerCommandeDocument(MediaTekDocuments.model.CommandeDocument)] Missing &lt;returns&gt; documentation
SHFB: Warning BE0066: ShowMissingComponent: [M:MediaTekDocuments.dal.Access.SupprimerCommandeDocument(MediaTekDocuments.model.CommandeDocument)] Missing &lt;param name=&quot;deleteCommande&quot;/&gt; documentation
SHFB: Warning BE0066: ShowMissingComponent: [N:MediaTekDocuments.model] Missing &lt;summary&gt; documentation
SHFB: Warning BE0066: ShowMissingComponent: [M:MediaTekDocuments.model.Categorie.#ctor(System.String,System.String)] Missing &lt;param name=&quot;id&quot;/&gt; documentation
SHFB: Warning BE0066: ShowMissingComponent: [M:MediaTekDocuments.model.Categorie.#ctor(System.String,System.String)] Missing &lt;param name=&quot;libelle&quot;/&gt; documentation
SHFB: Warning BE0066: ShowMissingComponent: [P:MediaTekDocuments.model.Categorie.Id] Missing &lt;summary&gt; documentation
SHFB: Warning BE0066: ShowMissingComponent: [P:MediaTekDocuments.model.Categorie.Libelle] Missing &lt;summary&gt; documentation
SHFB: Warning BE0066: ShowMissingComponent: [M:MediaTekDocuments.model.Dvd.#ctor(System.String,System.String,System.String,System.Int32,System.String,System.String,System.String,System.String,System.String,System.String,System.String,System.String)] Missing &lt;param name=&quot;id&quot;/&gt; documentation
SHFB: Warning BE0066: ShowMissingComponent: [M:MediaTekDocuments.model.Dvd.#ctor(System.String,System.String,System.String,System.Int32,System.String,System.String,System.String,System.String,System.String,System.String,System.String,System.String)] Missing &lt;param name=&quot;titre&quot;/&gt; documentation
SHFB: Warning BE0066: ShowMissingComponent: [M:MediaTekDocuments.model.Dvd.#ctor(System.String,System.String,System.String,System.Int32,System.String,System.String,System.String,System.String,System.String,System.String,System.String,System.String)] Missing &lt;param name=&quot;image&quot;/&gt; documentation
SHFB: Warning BE0066: ShowMissingComponent: [M:MediaTekDocuments.model.Dvd.#ctor(System.String,System.String,System.String,System.Int32,System.String,System.String,System.String,System.String,System.String,System.String,System.String,System.String)] Missing &lt;param name=&quot;duree&quot;/&gt; documentation
SHFB: Warning BE0066: ShowMissingComponent: [M:MediaTekDocuments.model.Dvd.#ctor(System.String,System.String,System.String,System.Int32,System.String,System.String,System.String,System.String,System.String,System.String,System.String,System.String)] Missing &lt;param name=&quot;realisateur&quot;/&gt; documentation
SHFB: Warning BE0066: ShowMissingComponent: [M:MediaTekDocuments.model.Dvd.#ctor(System.String,System.String,System.String,System.Int32,System.String,System.String,System.String,System.String,System.String,System.String,System.String,System.String)] Missing &lt;param name=&quot;synopsis&quot;/&gt; documentation
SHFB: Warning BE0066: ShowMissingComponent: [M:MediaTekDocuments.model.Dvd.#ctor(System.String,System.String,System.String,System.Int32,System.String,System.String,System.String,System.String,System.String,System.String,System.String,System.String)] Missing &lt;param name=&quot;idGenre&quot;/&gt; documentation
SHFB: Warning BE0066: ShowMissingComponent: [M:MediaTekDocuments.model.Dvd.#ctor(System.String,System.String,System.String,System.Int32,System.String,System.String,System.String,System.String,System.String,System.String,System.String,System.String)] Missing &lt;param name=&quot;genre&quot;/&gt; documentation
SHFB: Warning BE0066: ShowMissingComponent: [M:MediaTekDocuments.model.Dvd.#ctor(System.String,System.String,System.String,System.Int32,System.String,System.String,System.String,System.String,System.String,System.String,System.String,System.String)] Missing &lt;param name=&quot;idPublic&quot;/&gt; documentation
SHFB: Warning BE0066: ShowMissingComponent: [M:MediaTekDocuments.model.Dvd.#ctor(System.String,System.String,System.String,System.Int32,System.String,System.String,System.String,System.String,System.String,System.String,System.String,System.String)] Missing &lt;param name=&quot;lePublic&quot;/&gt; documentation
SHFB: Warning BE0066: ShowMissingComponent: [M:MediaTekDocuments.model.Dvd.#ctor(System.String,System.String,System.String,System.Int32,System.String,System.String,System.String,System.String,System.String,System.String,System.String,System.String)] Missing &lt;param name=&quot;idRayon&quot;/&gt; documentation
SHFB: Warning BE0066: ShowMissingComponent: [M:MediaTekDocuments.model.Dvd.#ctor(System.String,System.String,System.String,System.Int32,System.String,System.String,System.String,System.String,System.String,System.String,System.String,System.String)] Missing &lt;param name=&quot;rayon&quot;/&gt; documentation
SHFB: Warning BE0066: ShowMissingComponent: [P:MediaTekDocuments.model.Dvd.Duree] Missing &lt;summary&gt; documentation
SHFB: Warning BE0066: ShowMissingComponent: [P:MediaTekDocuments.model.Dvd.Realisateur] Missing &lt;summary&gt; documentation
SHFB: Warning BE0066: ShowMissingComponent: [P:MediaTekDocuments.model.Dvd.Synopsis] Missing &lt;summary&gt; documentation
SHFB: Warning BE0066: ShowMissingComponent: [M:MediaTekDocuments.model.Etat.#ctor(System.String,System.String)] Missing &lt;param name=&quot;id&quot;/&gt; documentation
SHFB: Warning BE0066: ShowMissingComponent: [M:MediaTekDocuments.model.Etat.#ctor(System.String,System.String)] Missing &lt;param name=&quot;libelle&quot;/&gt; documentation
SHFB: Warning BE0066: ShowMissingComponent: [P:MediaTekDocuments.model.Etat.Id] Missing &lt;summary&gt; documentation
SHFB: Warning BE0066: ShowMissingComponent: [P:MediaTekDocuments.model.Etat.Libelle] Missing &lt;summary&gt; documentation
SHFB: Warning BE0066: ShowMissingComponent: [M:MediaTekDocuments.model.Exemplaire.#ctor(System.Int32,System.DateTime,System.String,System.String,System.String)] Missing &lt;param name=&quot;numero&quot;/&gt; documentation
SHFB: Warning BE0066: ShowMissingComponent: [M:MediaTekDocuments.model.Exemplaire.#ctor(System.Int32,System.DateTime,System.String,System.String,System.String)] Missing &lt;param name=&quot;dateAchat&quot;/&gt; documentation
SHFB: Warning BE0066: ShowMissingComponent: [M:MediaTekDocuments.model.Exemplaire.#ctor(System.Int32,System.DateTime,System.String,System.String,System.String)] Missing &lt;param name=&quot;photo&quot;/&gt; documentation
SHFB: Warning BE0066: ShowMissingComponent: [M:MediaTekDocuments.model.Exemplaire.#ctor(System.Int32,System.DateTime,System.String,System.String,System.String)] Missing &lt;param name=&quot;idEtat&quot;/&gt; documentation
SHFB: Warning BE0066: ShowMissingComponent: [M:MediaTekDocuments.model.Exemplaire.#ctor(System.Int32,System.DateTime,System.String,System.String,System.String)] Missing &lt;param name=&quot;idDocument&quot;/&gt; documentation
SHFB: Warning BE0066: ShowMissingComponent: [P:MediaTekDocuments.model.Exemplaire.DateAchat] Missing &lt;summary&gt; documentation
SHFB: Warning BE0066: ShowMissingComponent: [P:MediaTekDocuments.model.Exemplaire.Id] Missing &lt;summary&gt; documentation
SHFB: Warning BE0066: ShowMissingComponent: [P:MediaTekDocuments.model.Exemplaire.IdEtat] Missing &lt;summary&gt; documentation
SHFB: Warning BE0066: ShowMissingComponent: [P:MediaTekDocuments.model.Exemplaire.Numero] Missing &lt;summary&gt; documentation
SHFB: Warning BE0066: ShowMissingComponent: [P:MediaTekDocuments.model.Exemplaire.Photo] Missing &lt;summary&gt; documentation
SHFB: Warning BE0066: ShowMissingComponent: [M:MediaTekDocuments.model.Genre.#ctor(System.String,System.String)] Missing &lt;param name=&quot;id&quot;/&gt; documentation
SHFB: Warning BE0066: ShowMissingComponent: [M:MediaTekDocuments.model.Genre.#ctor(System.String,System.String)] Missing &lt;param name=&quot;libelle&quot;/&gt; documentation
SHFB: Warning BE0066: ShowMissingComponent: [M:MediaTekDocuments.model.Livre.#ctor(System.String,System.String,System.String,System.String,System.String,System.String,System.String,System.String,System.String,System.String,System.String,System.String)] Missing &lt;param name=&quot;id&quot;/&gt; documentation
SHFB: Warning BE0066: ShowMissingComponent: [M:MediaTekDocuments.model.Livre.#ctor(System.String,System.String,System.String,System.String,System.String,System.String,System.String,System.String,System.String,System.String,System.String,System.String)] Missing &lt;param name=&quot;titre&quot;/&gt; documentation
SHFB: Warning BE0066: ShowMissingComponent: [M:MediaTekDocuments.model.Livre.#ctor(System.String,System.String,System.String,System.String,System.String,System.String,System.String,System.String,System.String,System.String,System.String,System.String)] Missing &lt;param name=&quot;image&quot;/&gt; documentation
SHFB: Warning BE0066: ShowMissingComponent: [M:MediaTekDocuments.model.Livre.#ctor(System.String,System.String,System.String,System.String,System.String,System.String,System.String,System.String,System.String,System.String,System.String,System.String)] Missing &lt;param name=&quot;isbn&quot;/&gt; documentation
SHFB: Warning BE0066: ShowMissingComponent: [M:MediaTekDocuments.model.Livre.#ctor(System.String,System.String,System.String,System.String,System.String,System.String,System.String,System.String,System.String,System.String,System.String,System.String)] Missing &lt;param name=&quot;auteur&quot;/&gt; documentation
SHFB: Warning BE0066: ShowMissingComponent: [M:MediaTekDocuments.model.Livre.#ctor(System.String,System.String,System.String,System.String,System.String,System.String,System.String,System.String,System.String,System.String,System.String,System.String)] Missing &lt;param name=&quot;collection&quot;/&gt; documentation
SHFB: Warning BE0066: ShowMissingComponent: [M:MediaTekDocuments.model.Livre.#ctor(System.String,System.String,System.String,System.String,System.String,System.String,System.String,System.String,System.String,System.String,System.String,System.String)] Missing &lt;param name=&quot;idGenre&quot;/&gt; documentation
SHFB: Warning BE0066: ShowMissingComponent: [M:MediaTekDocuments.model.Livre.#ctor(System.String,System.String,System.String,System.String,System.String,System.String,System.String,System.String,System.String,System.String,System.String,System.String)] Missing &lt;param name=&quot;genre&quot;/&gt; documentation
SHFB: Warning BE0066: ShowMissingComponent: [M:MediaTekDocuments.model.Livre.#ctor(System.String,System.String,System.String,System.String,System.String,System.String,System.String,System.String,System.String,System.String,System.String,System.String)] Missing &lt;param name=&quot;idPublic&quot;/&gt; documentation
SHFB: Warning BE0066: ShowMissingComponent: [M:MediaTekDocuments.model.Livre.#ctor(System.String,System.String,System.String,System.String,System.String,System.String,System.String,System.String,System.String,System.String,System.String,System.String)] Missing &lt;param name=&quot;lePublic&quot;/&gt; documentation
SHFB: Warning BE0066: ShowMissingComponent: [M:MediaTekDocuments.model.Livre.#ctor(System.String,System.String,System.String,System.String,System.String,System.String,System.String,System.String,System.String,System.String,System.String,System.String)] Missing &lt;param name=&quot;idRayon&quot;/&gt; documentation
SHFB: Warning BE0066: ShowMissingComponent: [M:MediaTekDocuments.model.Livre.#ctor(System.String,System.String,System.String,System.String,System.String,System.String,System.String,System.String,System.String,System.String,System.String,System.String)] Missing &lt;param name=&quot;rayon&quot;/&gt; documentation
SHFB: Warning BE0066: ShowMissingComponent: [P:MediaTekDocuments.model.Livre.Auteur] Missing &lt;summary&gt; documentation
SHFB: Warning BE0066: ShowMissingComponent: [P:MediaTekDocuments.model.Livre.Collection] Missing &lt;summary&gt; documentation
SHFB: Warning BE0066: ShowMissingComponent: [P:MediaTekDocuments.model.Livre.Isbn] Missing &lt;summary&gt; documentation
SHFB: Warning BE0066: ShowMissingComponent: [M:MediaTekDocuments.model.LivreDvd.#ctor(System.String,System.String,System.String,System.String,System.String,System.String,System.String,System.String,System.String)] Missing &lt;param name=&quot;id&quot;/&gt; documentation
SHFB: Warning BE0066: ShowMissingComponent: [M:MediaTekDocuments.model.LivreDvd.#ctor(System.String,System.String,System.String,System.String,System.String,System.String,System.String,System.String,System.String)] Missing &lt;param name=&quot;titre&quot;/&gt; documentation
SHFB: Warning BE0066: ShowMissingComponent: [M:MediaTekDocuments.model.LivreDvd.#ctor(System.String,System.String,System.String,System.String,System.String,System.String,System.String,System.String,System.String)] Missing &lt;param name=&quot;image&quot;/&gt; documentation
SHFB: Warning BE0066: ShowMissingComponent: [M:MediaTekDocuments.model.LivreDvd.#ctor(System.String,System.String,System.String,System.String,System.String,System.String,System.String,System.String,System.String)] Missing &lt;param name=&quot;idGenre&quot;/&gt; documentation
SHFB: Warning BE0066: ShowMissingComponent: [M:MediaTekDocuments.model.LivreDvd.#ctor(System.String,System.String,System.String,System.String,System.String,System.String,System.String,System.String,System.String)] Missing &lt;param name=&quot;genre&quot;/&gt; documentation
SHFB: Warning BE0066: ShowMissingComponent: [M:MediaTekDocuments.model.LivreDvd.#ctor(System.String,System.String,System.String,System.String,System.String,System.String,System.String,System.String,System.String)] Missing &lt;param name=&quot;idPublic&quot;/&gt; documentation
SHFB: Warning BE0066: ShowMissingComponent: [M:MediaTekDocuments.model.LivreDvd.#ctor(System.String,System.String,System.String,System.String,System.String,System.String,System.String,System.String,System.String)] Missing &lt;param name=&quot;lePublic&quot;/&gt; documentation
SHFB: Warning BE0066: ShowMissingComponent: [M:MediaTekDocuments.model.LivreDvd.#ctor(System.String,System.String,System.String,System.String,System.String,System.String,System.String,System.String,System.String)] Missing &lt;param name=&quot;idRayon&quot;/&gt; documentation
SHFB: Warning BE0066: ShowMissingComponent: [M:MediaTekDocuments.model.LivreDvd.#ctor(System.String,System.String,System.String,System.String,System.String,System.String,System.String,System.String,System.String)] Missing &lt;param name=&quot;rayon&quot;/&gt; documentation
SHFB: Warning BE0066: ShowMissingComponent: [M:MediaTekDocuments.model.Public.#ctor(System.String,System.String)] Missing &lt;param name=&quot;id&quot;/&gt; documentation
SHFB: Warning BE0066: ShowMissingComponent: [M:MediaTekDocuments.model.Public.#ctor(System.String,System.String)] Missing &lt;param name=&quot;libelle&quot;/&gt; documentation
SHFB: Warning BE0066: ShowMissingComponent: [M:MediaTekDocuments.model.Rayon.#ctor(System.String,System.String)] Missing &lt;param name=&quot;id&quot;/&gt; documentation
SHFB: Warning BE0066: ShowMissingComponent: [M:MediaTekDocuments.model.Rayon.#ctor(System.String,System.String)] Missing &lt;param name=&quot;libelle&quot;/&gt; documentation
SHFB: Warning BE0066: ShowMissingComponent: [M:MediaTekDocuments.model.Revue.#ctor(System.String,System.String,System.String,System.String,System.String,System.String,System.String,System.String,System.String,System.String,System.Int32)] Missing &lt;param name=&quot;id&quot;/&gt; documentation
SHFB: Warning BE0066: ShowMissingComponent: [M:MediaTekDocuments.model.Revue.#ctor(System.String,System.String,System.String,System.String,System.String,System.String,System.String,System.String,System.String,System.String,System.Int32)] Missing &lt;param name=&quot;titre&quot;/&gt; documentation
SHFB: Warning BE0066: ShowMissingComponent: [M:MediaTekDocuments.model.Revue.#ctor(System.String,System.String,System.String,System.String,System.String,System.String,System.String,System.String,System.String,System.String,System.Int32)] Missing &lt;param name=&quot;image&quot;/&gt; documentation
SHFB: Warning BE0066: ShowMissingComponent: [M:MediaTekDocuments.model.Revue.#ctor(System.String,System.String,System.String,System.String,System.String,System.String,System.String,System.String,System.String,System.String,System.Int32)] Missing &lt;param name=&quot;idGenre&quot;/&gt; documentation
SHFB: Warning BE0066: ShowMissingComponent: [M:MediaTekDocuments.model.Revue.#ctor(System.String,System.String,System.String,System.String,System.String,System.String,System.String,System.String,System.String,System.String,System.Int32)] Missing &lt;param name=&quot;genre&quot;/&gt; documentation
SHFB: Warning BE0066: ShowMissingComponent: [M:MediaTekDocuments.model.Revue.#ctor(System.String,System.String,System.String,System.String,System.String,System.String,System.String,System.String,System.String,System.String,System.Int32)] Missing &lt;param name=&quot;idPublic&quot;/&gt; documentation
SHFB: Warning BE0066: ShowMissingComponent: [M:MediaTekDocuments.model.Revue.#ctor(System.String,System.String,System.String,System.String,System.String,System.String,System.String,System.String,System.String,System.String,System.Int32)] Missing &lt;param name=&quot;lePublic&quot;/&gt; documentation
SHFB: Warning BE0066: ShowMissingComponent: [M:MediaTekDocuments.model.Revue.#ctor(System.String,System.String,System.String,System.String,System.String,System.String,System.String,System.String,System.String,System.String,System.Int32)] Missing &lt;param name=&quot;idRayon&quot;/&gt; documentation
SHFB: Warning BE0066: ShowMissingComponent: [M:MediaTekDocuments.model.Revue.#ctor(System.String,System.String,System.String,System.String,System.String,System.String,System.String,System.String,System.String,System.String,System.Int32)] Missing &lt;param name=&quot;rayon&quot;/&gt; documentation
SHFB: Warning BE0066: ShowMissingComponent: [M:MediaTekDocuments.model.Revue.#ctor(System.String,System.String,System.String,System.String,System.String,System.String,System.String,System.String,System.String,System.String,System.Int32)] Missing &lt;param name=&quot;periodicite&quot;/&gt; documentation
SHFB: Warning BE0066: ShowMissingComponent: [M:MediaTekDocuments.model.Revue.#ctor(System.String,System.String,System.String,System.String,System.String,System.String,System.String,System.String,System.String,System.String,System.Int32)] Missing &lt;param name=&quot;delaiMiseADispo&quot;/&gt; documentation
SHFB: Warning BE0066: ShowMissingComponent: [P:MediaTekDocuments.model.Revue.DelaiMiseADispo] Missing &lt;summary&gt; documentation
SHFB: Warning BE0066: ShowMissingComponent: [P:MediaTekDocuments.model.Revue.Periodicite] Missing &lt;summary&gt; documentation
SHFB: Warning BE0066: ShowMissingComponent: [N:MediaTekDocuments.view] Missing &lt;summary&gt; documentation
SHFB: Warning BE0066: ShowMissingComponent: [T:MediaTekDocuments.view.AuthForm] Missing &lt;summary&gt; documentation
SHFB: Warning BE0066: ShowMissingComponent: [M:MediaTekDocuments.view.FrmMediatek.CacherOnglet] Missing &lt;summary&gt; documentation
SHFB: Warning BE0066: ShowMissingComponent: [M:MediaTekDocuments.view.FrmMediatek.RemplirComboEtat(System.Collections.Generic.List{MediaTekDocuments.model.Etat},System.Windows.Forms.BindingSource,System.Windows.Forms.ComboBox)] Missing &lt;param name=&quot;lesEtats&quot;/&gt; documentation
SHFB: Warning BE0066: ShowMissingComponent: [M:MediaTekDocuments.view.FrmMediatek.RemplirComboEtat(System.Collections.Generic.List{MediaTekDocuments.model.Etat},System.Windows.Forms.BindingSource,System.Windows.Forms.ComboBox)] Missing &lt;param name=&quot;bdg&quot;/&gt; documentation
SHFB: Warning BE0066: ShowMissingComponent: [M:MediaTekDocuments.view.FrmMediatek.RemplirComboEtat(System.Collections.Generic.List{MediaTekDocuments.model.Etat},System.Windows.Forms.BindingSource,System.Windows.Forms.ComboBox)] Missing &lt;param name=&quot;cbx&quot;/&gt; documentation
Processed 167 topic(s)
104 warning(s)
CopyFromIndexComponent: &quot;reflection&quot; in-memory cache entries used: 4 of 15.
CopyFromIndexComponent: &quot;comments&quot; in-memory cache entries used: 1 of 30.
<plugIn name="Website Table of Contents Generator" behavior="After" priority="1000">
Generating TOC fragment files
</plugIn>    Last step completed in 00:00:05,5948
</buildStep>
<buildStep step="CopyStandardHelpContent">
Copying standard help content...
C:\Program Files (x86)\EWSoftware\Sandcastle Help File Builder\Components\Default2022\css\bulma.css -&gt; C:\Users\ghany\OneDrive\Documents\Help\Working\Output\Website\css\bulma.css
C:\Program Files (x86)\EWSoftware\Sandcastle Help File Builder\Components\Default2022\css\bulma.css.map -&gt; C:\Users\ghany\OneDrive\Documents\Help\Working\Output\Website\css\bulma.css.map
C:\Program Files (x86)\EWSoftware\Sandcastle Help File Builder\Components\Default2022\css\bulma.min.css -&gt; C:\Users\ghany\OneDrive\Documents\Help\Working\Output\Website\css\bulma.min.css
C:\Program Files (x86)\EWSoftware\Sandcastle Help File Builder\Components\Default2022\css\font-awesome.css -&gt; C:\Users\ghany\OneDrive\Documents\Help\Working\Output\Website\css\font-awesome.css
C:\Program Files (x86)\EWSoftware\Sandcastle Help File Builder\Components\Default2022\css\font-awesome.min.css -&gt; C:\Users\ghany\OneDrive\Documents\Help\Working\Output\Website\css\font-awesome.min.css
C:\Program Files (x86)\EWSoftware\Sandcastle Help File Builder\Components\Default2022\css\ja-JP.css -&gt; C:\Users\ghany\OneDrive\Documents\Help\Working\Output\Website\css\ja-JP.css
C:\Program Files (x86)\EWSoftware\Sandcastle Help File Builder\Components\Default2022\css\ko-KR.css -&gt; C:\Users\ghany\OneDrive\Documents\Help\Working\Output\Website\css\ko-KR.css
C:\Program Files (x86)\EWSoftware\Sandcastle Help File Builder\Components\Default2022\css\presentationStyle.css -&gt; C:\Users\ghany\OneDrive\Documents\Help\Working\Output\Website\css\presentationStyle.css
C:\Program Files (x86)\EWSoftware\Sandcastle Help File Builder\Components\Default2022\css\vs.min.css -&gt; C:\Users\ghany\OneDrive\Documents\Help\Working\Output\Website\css\vs.min.css
C:\Program Files (x86)\EWSoftware\Sandcastle Help File Builder\Components\Default2022\css\zh-CN.css -&gt; C:\Users\ghany\OneDrive\Documents\Help\Working\Output\Website\css\zh-CN.css
C:\Program Files (x86)\EWSoftware\Sandcastle Help File Builder\Components\Default2022\css\zh-TW.css -&gt; C:\Users\ghany\OneDrive\Documents\Help\Working\Output\Website\css\zh-TW.css
C:\Program Files (x86)\EWSoftware\Sandcastle Help File Builder\Components\Default2022\icons\favicon.ico -&gt; C:\Users\ghany\OneDrive\Documents\Help\Working\Output\Website\icons\favicon.ico
C:\Program Files (x86)\EWSoftware\Sandcastle Help File Builder\Components\Default2022\scripts\clipboard.min.js -&gt; C:\Users\ghany\OneDrive\Documents\Help\Working\Output\Website\scripts\clipboard.min.js
C:\Program Files (x86)\EWSoftware\Sandcastle Help File Builder\Components\Default2022\scripts\highlight.min.js -&gt; C:\Users\ghany\OneDrive\Documents\Help\Working\Output\Website\scripts\highlight.min.js
C:\Program Files (x86)\EWSoftware\Sandcastle Help File Builder\Components\Default2022\scripts\jquery-3.5.1.min.js -&gt; C:\Users\ghany\OneDrive\Documents\Help\Working\Output\Website\scripts\jquery-3.5.1.min.js
C:\Program Files (x86)\EWSoftware\Sandcastle Help File Builder\Components\Default2022\scripts\presentationStyle.js -&gt; C:\Users\ghany\OneDrive\Documents\Help\Working\Output\Website\scripts\presentationStyle.js
C:\Program Files (x86)\EWSoftware\Sandcastle Help File Builder\Components\Default2022\webfonts\fa-brands-400.ttf -&gt; C:\Users\ghany\OneDrive\Documents\Help\Working\Output\Website\webfonts\fa-brands-400.ttf
C:\Program Files (x86)\EWSoftware\Sandcastle Help File Builder\Components\Default2022\webfonts\fa-brands-400.woff2 -&gt; C:\Users\ghany\OneDrive\Documents\Help\Working\Output\Website\webfonts\fa-brands-400.woff2
C:\Program Files (x86)\EWSoftware\Sandcastle Help File Builder\Components\Default2022\webfonts\fa-regular-400.ttf -&gt; C:\Users\ghany\OneDrive\Documents\Help\Working\Output\Website\webfonts\fa-regular-400.ttf
C:\Program Files (x86)\EWSoftware\Sandcastle Help File Builder\Components\Default2022\webfonts\fa-regular-400.woff2 -&gt; C:\Users\ghany\OneDrive\Documents\Help\Working\Output\Website\webfonts\fa-regular-400.woff2
C:\Program Files (x86)\EWSoftware\Sandcastle Help File Builder\Components\Default2022\webfonts\fa-solid-900.ttf -&gt; C:\Users\ghany\OneDrive\Documents\Help\Working\Output\Website\webfonts\fa-solid-900.ttf
C:\Program Files (x86)\EWSoftware\Sandcastle Help File Builder\Components\Default2022\webfonts\fa-solid-900.woff2 -&gt; C:\Users\ghany\OneDrive\Documents\Help\Working\Output\Website\webfonts\fa-solid-900.woff2
C:\Program Files (x86)\EWSoftware\Sandcastle Help File Builder\Components\Default2022\webfonts\fa-v4compatibility.ttf -&gt; C:\Users\ghany\OneDrive\Documents\Help\Working\Output\Website\webfonts\fa-v4compatibility.ttf
C:\Program Files (x86)\EWSoftware\Sandcastle Help File Builder\Components\Default2022\webfonts\fa-v4compatibility.woff2 -&gt; C:\Users\ghany\OneDrive\Documents\Help\Working\Output\Website\webfonts\fa-v4compatibility.woff2
C:\Program Files (x86)\EWSoftware\Sandcastle Help File Builder\Components\Default2022\RootWebsiteContent\GeneralError.html -&gt; C:\Users\ghany\OneDrive\Documents\Help\Working\Output\Website\GeneralError.html
C:\Program Files (x86)\EWSoftware\Sandcastle Help File Builder\Components\Default2022\RootWebsiteContent\index.html -&gt; C:\Users\ghany\OneDrive\Documents\Help\Working\Output\Website\index.html
C:\Program Files (x86)\EWSoftware\Sandcastle Help File Builder\Components\Default2022\RootWebsiteContent\PageNotFound.html -&gt; C:\Users\ghany\OneDrive\Documents\Help\Working\Output\Website\PageNotFound.html
C:\Program Files (x86)\EWSoftware\Sandcastle Help File Builder\Components\Default2022\RootWebsiteContent\search.html -&gt; C:\Users\ghany\OneDrive\Documents\Help\Working\Output\Website\search.html
C:\Program Files (x86)\EWSoftware\Sandcastle Help File Builder\Components\Default2022\RootWebsiteContent\SearchHelp.aspx -&gt; C:\Users\ghany\OneDrive\Documents\Help\Working\Output\Website\SearchHelp.aspx
C:\Program Files (x86)\EWSoftware\Sandcastle Help File Builder\Components\Default2022\RootWebsiteContent\SearchHelp.inc.php -&gt; C:\Users\ghany\OneDrive\Documents\Help\Working\Output\Website\SearchHelp.inc.php
C:\Program Files (x86)\EWSoftware\Sandcastle Help File Builder\Components\Default2022\RootWebsiteContent\SearchHelp.php -&gt; C:\Users\ghany\OneDrive\Documents\Help\Working\Output\Website\SearchHelp.php
C:\Program Files (x86)\EWSoftware\Sandcastle Help File Builder\Components\Default2022\RootWebsiteContent\Web.Config -&gt; C:\Users\ghany\OneDrive\Documents\Help\Working\Output\Website\Web.Config
    Last step completed in 00:00:00,1449
</buildStep>
<buildStep step="GenerateFullTextIndex">
Generating full-text index for the website...

    Last step completed in 00:00:00,5820
</buildStep>
<buildStep step="CopyingWebsiteFiles">
Copying website files to output folder...

Copied 273 files for the website content
    Last step completed in 00:00:00,5431
</buildStep>
<buildStep step="CleanIntermediates">
Removing intermediate files...
    Not all build output was removed from &#39;C:\Users\ghany\OneDrive\Documents\Help\Working\&#39;: L&#39;acc&#232;s au chemin d&#39;acc&#232;s &#39;C:\Users\ghany\OneDrive\Documents\Help\Working\obj\Debug&#39; est refus&#233;.
    Last step completed in 00:00:00,1447
</buildStep>
<buildStep step="Completed">

Build completed successfully at 17/03/2025 13:39:07.  Total time: 00:00:09,6940

</buildStep>
</shfbBuild>
